<?xml version="1.0" encoding="UTF-8"?>
<!-- Generated by org.testng.reporters.JUnitReportReporter -->
<testsuite hostname="sir4ozz-Lenovo-B590" failures="0" tests="4" name="SwagLabsDataDriven" time="19.931" errors="0" timestamp="2022-01-29T23:35:53 EST" skipped="0">
  <testcase classname="SwagLabsDataDriven" name="swagLabLogTest" time="3.296"/>
  <system-out/>
  <testcase classname="SwagLabsDataDriven" name="swagLabLogTest" time="3.240"/>
  <system-out/>
  <testcase classname="SwagLabsDataDriven" name="swagLabLogTest" time="9.627"/>
  <system-out/>
  <testcase classname="SwagLabsDataDriven" name="swagLabLogTest" time="3.768"/>
  <system-out/>
</testsuite> <!-- SwagLabsDataDriven -->
